c:\users\joonas\onedrive\school\tietorakenteet ja algoritmit\lentokenttäsimulaattori\airportsimulator\airportsimulator\debug\vc142.pdb
c:\users\joonas\onedrive\school\tietorakenteet ja algoritmit\lentokenttäsimulaattori\airportsimulator\airportsimulator\debug\vc142.idb
c:\users\joonas\onedrive\school\tietorakenteet ja algoritmit\lentokenttäsimulaattori\airportsimulator\airportsimulator\debug\utility.obj
c:\users\joonas\onedrive\school\tietorakenteet ja algoritmit\lentokenttäsimulaattori\airportsimulator\airportsimulator\debug\runway.obj
c:\users\joonas\onedrive\school\tietorakenteet ja algoritmit\lentokenttäsimulaattori\airportsimulator\airportsimulator\debug\random.obj
c:\users\joonas\onedrive\school\tietorakenteet ja algoritmit\lentokenttäsimulaattori\airportsimulator\airportsimulator\debug\queue.obj
c:\users\joonas\onedrive\school\tietorakenteet ja algoritmit\lentokenttäsimulaattori\airportsimulator\airportsimulator\debug\plane.obj
c:\users\joonas\onedrive\school\tietorakenteet ja algoritmit\lentokenttäsimulaattori\airportsimulator\airportsimulator\debug\main.obj
c:\users\joonas\onedrive\school\tietorakenteet ja algoritmit\lentokenttäsimulaattori\airportsimulator\airportsimulator\debug\extended_queue.obj
c:\users\joonas\onedrive\school\tietorakenteet ja algoritmit\lentokenttäsimulaattori\airportsimulator\airportsimulator\debug\airportfunctions.obj
c:\users\joonas\onedrive\school\tietorakenteet ja algoritmit\lentokenttäsimulaattori\airportsimulator\airportsimulator\debug\runway_5.obj
c:\users\joonas\onedrive\school\tietorakenteet ja algoritmit\lentokenttäsimulaattori\airportsimulator\airportsimulator\debug\runway_4.obj
c:\users\joonas\onedrive\school\tietorakenteet ja algoritmit\lentokenttäsimulaattori\airportsimulator\airportsimulator\debug\runway_3.obj
c:\users\joonas\onedrive\school\tietorakenteet ja algoritmit\lentokenttäsimulaattori\airportsimulator\airportsimulator\debug\queue_5.obj
c:\users\joonas\onedrive\school\tietorakenteet ja algoritmit\lentokenttäsimulaattori\airportsimulator\airportsimulator\debug\plane_5.obj
c:\users\joonas\onedrive\school\tietorakenteet ja algoritmit\lentokenttäsimulaattori\airportsimulator\airportsimulator\debug\extended_queue_5.obj
c:\users\joonas\onedrive\school\tietorakenteet ja algoritmit\lentokenttäsimulaattori\airportsimulator\airportsimulator\debug\main_5.obj
c:\users\joonas\onedrive\school\tietorakenteet ja algoritmit\lentokenttäsimulaattori\airportsimulator\airportsimulator\debug\main_4.obj
c:\users\joonas\onedrive\school\tietorakenteet ja algoritmit\lentokenttäsimulaattori\airportsimulator\airportsimulator\debug\main_3.obj
c:\users\joonas\onedrive\school\tietorakenteet ja algoritmit\lentokenttäsimulaattori\airportsimulator\airportsimulator\debug\main_2.obj
c:\users\joonas\onedrive\school\tietorakenteet ja algoritmit\lentokenttäsimulaattori\airportsimulator\airportsimulator\debug\main_1.obj
c:\users\joonas\onedrive\school\tietorakenteet ja algoritmit\lentokenttäsimulaattori\airportsimulator\debug\airportsimulator.exe
c:\users\joonas\onedrive\school\tietorakenteet ja algoritmit\lentokenttäsimulaattori\airportsimulator\debug\airportsimulator.ilk
c:\users\joonas\onedrive\school\tietorakenteet ja algoritmit\lentokenttäsimulaattori\airportsimulator\debug\airportsimulator.pdb
c:\users\joonas\onedrive\school\tietorakenteet ja algoritmit\lentokenttäsimulaattori\airportsimulator\airportsimulator\debug\airportsimulator.tlog\cl.command.1.tlog
c:\users\joonas\onedrive\school\tietorakenteet ja algoritmit\lentokenttäsimulaattori\airportsimulator\airportsimulator\debug\airportsimulator.tlog\cl.read.1.tlog
c:\users\joonas\onedrive\school\tietorakenteet ja algoritmit\lentokenttäsimulaattori\airportsimulator\airportsimulator\debug\airportsimulator.tlog\cl.write.1.tlog
c:\users\joonas\onedrive\school\tietorakenteet ja algoritmit\lentokenttäsimulaattori\airportsimulator\airportsimulator\debug\airportsimulator.tlog\link.command.1.tlog
c:\users\joonas\onedrive\school\tietorakenteet ja algoritmit\lentokenttäsimulaattori\airportsimulator\airportsimulator\debug\airportsimulator.tlog\link.read.1.tlog
c:\users\joonas\onedrive\school\tietorakenteet ja algoritmit\lentokenttäsimulaattori\airportsimulator\airportsimulator\debug\airportsimulator.tlog\link.write.1.tlog
